2016-09-30 09:47:18,980 [Worker-0] INFO  o.e.m.c.i.l.LifecycleMappingFactory - Using org.eclipse.m2e.jdt.JarLifecycleMapping lifecycle mapping for MavenProject: be.pxl:backend:0.0.1-SNAPSHOT @ C:\Users\11402671\Documents\GitHub\entmob2016_8\Spring REST API\backend\pom.xml.
2016-09-30 09:47:19,629 [Worker-0] INFO  o.e.m.j.i.AbstractJavaProjectConfigurator - Adding source folder /backend/src/main/java
2016-09-30 09:47:19,630 [Worker-0] INFO  o.e.m.j.i.AbstractJavaProjectConfigurator - Adding source folder /backend/src/test/java
2016-09-30 09:47:19,775 [Worker-0] INFO  o.e.m.c.i.p.ProjectConfigurationManager - Imported and configured 1 project(s) in 2 sec
2016-09-30 09:47:20,524 [Worker-4] INFO  o.e.m.c.i.l.LifecycleMappingFactory - Using org.eclipse.m2e.jdt.JarLifecycleMapping lifecycle mapping for MavenProject: be.pxl:backend:0.0.1-SNAPSHOT @ C:\Users\11402671\Documents\GitHub\entmob2016_8\Spring REST API\backend\pom.xml.
2016-09-30 09:47:21,469 [Worker-0] INFO  o.e.m.c.i.embedder.EclipseLogger - Using 'UTF-8' encoding to copy filtered resources.
2016-09-30 09:47:21,470 [Worker-0] INFO  o.e.m.c.i.embedder.EclipseLogger - skip non existing resourceDirectory C:\Users\11402671\Documents\GitHub\entmob2016_8\Spring REST API\backend\src\main\resources
2016-09-30 09:47:21,472 [Worker-0] INFO  o.e.m.c.i.embedder.EclipseLogger - Using 'UTF-8' encoding to copy filtered resources.
2016-09-30 09:47:21,472 [Worker-0] INFO  o.e.m.c.i.embedder.EclipseLogger - skip non existing resourceDirectory C:\Users\11402671\Documents\GitHub\entmob2016_8\Spring REST API\backend\src\test\resources
2016-09-30 09:48:17,663 [Worker-1] INFO  o.e.m.i.launch.MavenLaunchDelegate - C:\Users\11402671\Documents\GitHub\entmob2016_8\Spring REST API\backend
2016-09-30 09:48:17,664 [Worker-1] INFO  o.e.m.i.launch.MavenLaunchDelegate -  mvn  -B compile
2016-09-30 09:49:03,199 [Worker-5] INFO  o.e.m.i.launch.MavenLaunchDelegate - C:\Users\11402671\Documents\GitHub\entmob2016_8\Spring REST API\backend
2016-09-30 09:49:03,199 [Worker-5] INFO  o.e.m.i.launch.MavenLaunchDelegate -  mvn  -B test
2016-09-30 09:49:35,447 [Worker-6] INFO  o.e.m.i.launch.MavenLaunchDelegate - C:\Users\11402671\Documents\GitHub\entmob2016_8\Spring REST API\backend
2016-09-30 09:49:35,447 [Worker-6] INFO  o.e.m.i.launch.MavenLaunchDelegate -  mvn  -B run
2016-09-30 09:51:42,768 [main] INFO  o.e.m2e.actions.ExecutePomAction - Using existing launch configuration
2016-09-30 09:51:42,799 [Worker-6] INFO  o.e.m.i.launch.MavenLaunchDelegate - C:\Users\11402671\Documents\GitHub\entmob2016_8\Spring REST API\backend
2016-09-30 09:51:42,800 [Worker-6] INFO  o.e.m.i.launch.MavenLaunchDelegate -  mvn  -B run
2016-09-30 09:52:04,082 [Worker-5] INFO  o.e.m.i.launch.MavenLaunchDelegate - C:\Users\11402671\Documents\GitHub\entmob2016_8\Spring REST API\backend
2016-09-30 09:52:04,083 [Worker-5] INFO  o.e.m.i.launch.MavenLaunchDelegate -  mvn  -B 
2016-09-30 09:52:17,434 [Worker-3] INFO  o.e.m.i.launch.MavenLaunchDelegate - C:\Users\11402671\Documents\GitHub\entmob2016_8\Spring REST API\backend
2016-09-30 09:52:17,434 [Worker-3] INFO  o.e.m.i.launch.MavenLaunchDelegate -  mvn  -B install
2016-09-30 09:52:27,363 [Worker-0] INFO  o.e.m.c.i.embedder.EclipseLogger - Using 'UTF-8' encoding to copy filtered resources.
2016-09-30 09:52:27,363 [Worker-0] INFO  o.e.m.c.i.embedder.EclipseLogger - skip non existing resourceDirectory C:\Users\11402671\Documents\GitHub\entmob2016_8\Spring REST API\backend\src\main\resources
2016-09-30 09:52:27,365 [Worker-0] INFO  o.e.m.c.i.embedder.EclipseLogger - Using 'UTF-8' encoding to copy filtered resources.
2016-09-30 09:52:27,366 [Worker-0] INFO  o.e.m.c.i.embedder.EclipseLogger - skip non existing resourceDirectory C:\Users\11402671\Documents\GitHub\entmob2016_8\Spring REST API\backend\src\test\resources
2016-09-30 09:53:13,353 [Worker-5] INFO  o.e.m.i.launch.MavenLaunchDelegate - C:\Users\11402671\Documents\GitHub\entmob2016_8\Spring REST API\backend
2016-09-30 09:53:13,353 [Worker-5] INFO  o.e.m.i.launch.MavenLaunchDelegate -  mvn  -B deploy
2016-09-30 09:55:54,925 [Worker-0] INFO  o.e.m.i.launch.MavenLaunchDelegate - C:\Users\11402671\Documents\GitHub\entmob2016_8\Spring REST API\backend
2016-09-30 09:55:54,925 [Worker-0] INFO  o.e.m.i.launch.MavenLaunchDelegate -  mvn  -B deploy
2016-09-30 09:57:18,291 [Worker-8] INFO  o.e.m.i.launch.MavenLaunchDelegate - C:\Users\11402671\Documents\GitHub\entmob2016_8\Spring REST API\backend
2016-09-30 09:57:18,291 [Worker-8] INFO  o.e.m.i.launch.MavenLaunchDelegate -  mvn  -B deploy
2016-09-30 09:57:18,486 [Worker-5] INFO  o.e.m.c.i.l.LifecycleMappingFactory - Using org.eclipse.m2e.jdt.JarLifecycleMapping lifecycle mapping for MavenProject: be.pxl:backend:0.0.1-SNAPSHOT @ C:\Users\11402671\Documents\GitHub\entmob2016_8\Spring REST API\backend\pom.xml.
2016-09-30 09:57:18,682 [Worker-5] INFO  o.e.m.c.i.embedder.EclipseLogger - Using 'UTF-8' encoding to copy filtered resources.
2016-09-30 09:57:18,682 [Worker-5] INFO  o.e.m.c.i.embedder.EclipseLogger - skip non existing resourceDirectory C:\Users\11402671\Documents\GitHub\entmob2016_8\Spring REST API\backend\src\main\resources
2016-09-30 09:57:18,688 [Worker-5] INFO  o.e.m.c.i.embedder.EclipseLogger - Using 'UTF-8' encoding to copy filtered resources.
2016-09-30 09:57:18,718 [Worker-5] INFO  o.e.m.c.i.embedder.EclipseLogger - skip non existing resourceDirectory C:\Users\11402671\Documents\GitHub\entmob2016_8\Spring REST API\backend\src\test\resources
2016-09-30 09:58:59,036 [main] INFO  o.e.m2e.actions.ExecutePomAction - Creating new launch configuration
2016-09-30 09:59:29,923 [Worker-6] INFO  o.e.m.i.launch.MavenLaunchDelegate - C:\Users\11402671\Documents\GitHub\entmob2016_8\Spring REST API\backend
2016-09-30 09:59:29,923 [Worker-6] INFO  o.e.m.i.launch.MavenLaunchDelegate -  mvn  -B clean
2016-09-30 09:59:32,823 [Worker-0] INFO  o.e.m.c.i.embedder.EclipseLogger - Using 'UTF-8' encoding to copy filtered resources.
2016-09-30 09:59:32,824 [Worker-0] INFO  o.e.m.c.i.embedder.EclipseLogger - skip non existing resourceDirectory C:\Users\11402671\Documents\GitHub\entmob2016_8\Spring REST API\backend\src\main\resources
2016-09-30 09:59:32,826 [Worker-0] INFO  o.e.m.c.i.embedder.EclipseLogger - Using 'UTF-8' encoding to copy filtered resources.
2016-09-30 09:59:32,826 [Worker-0] INFO  o.e.m.c.i.embedder.EclipseLogger - skip non existing resourceDirectory C:\Users\11402671\Documents\GitHub\entmob2016_8\Spring REST API\backend\src\test\resources
2016-09-30 09:59:52,259 [Worker-0] INFO  o.e.m.c.i.embedder.EclipseLogger - Using 'UTF-8' encoding to copy filtered resources.
2016-09-30 09:59:52,259 [Worker-0] INFO  o.e.m.c.i.embedder.EclipseLogger - skip non existing resourceDirectory C:\Users\11402671\Documents\GitHub\entmob2016_8\Spring REST API\backend\src\main\resources
2016-09-30 09:59:52,261 [Worker-0] INFO  o.e.m.c.i.embedder.EclipseLogger - Using 'UTF-8' encoding to copy filtered resources.
2016-09-30 09:59:52,261 [Worker-0] INFO  o.e.m.c.i.embedder.EclipseLogger - skip non existing resourceDirectory C:\Users\11402671\Documents\GitHub\entmob2016_8\Spring REST API\backend\src\test\resources
2016-09-30 10:03:09,298 [Worker-3] INFO  o.e.m.c.i.p.ProjectConfigurationManager - Collecting project info '/pom.xml' C:\Users\11402671\Documents\GitHub\entmob2016_8\Spring REST API\spring\pom.xml
2016-09-30 10:03:09,396 [Worker-3] INFO  o.e.m.c.i.l.LifecycleMappingFactory - Using org.eclipse.m2e.jdt.JarLifecycleMapping lifecycle mapping for MavenProject: be.pxl:spring:0.0.1-SNAPSHOT @ C:\Users\11402671\Documents\GitHub\entmob2016_8\Spring REST API\spring\pom.xml.
2016-09-30 10:03:09,480 [Worker-3] INFO  o.e.m.j.i.AbstractJavaProjectConfigurator - Adding source folder /spring/src/main/java
2016-09-30 10:03:09,485 [Worker-3] INFO  o.e.m.j.i.AbstractJavaProjectConfigurator - Adding source folder /spring/src/test/java
2016-09-30 10:03:09,579 [Worker-3] INFO  o.e.m.c.i.p.ProjectConfigurationManager - Imported and configured 1 project(s) in 0 sec
2016-09-30 10:03:09,939 [Worker-8] INFO  o.e.m.c.i.l.LifecycleMappingFactory - Using org.eclipse.m2e.jdt.JarLifecycleMapping lifecycle mapping for MavenProject: be.pxl:spring:0.0.1-SNAPSHOT @ C:\Users\11402671\Documents\GitHub\entmob2016_8\Spring REST API\spring\pom.xml.
2016-09-30 10:03:10,040 [Worker-8] INFO  o.e.m.c.i.embedder.EclipseLogger - Using 'UTF-8' encoding to copy filtered resources.
2016-09-30 10:03:10,040 [Worker-8] INFO  o.e.m.c.i.embedder.EclipseLogger - skip non existing resourceDirectory C:\Users\11402671\Documents\GitHub\entmob2016_8\Spring REST API\spring\src\main\resources
2016-09-30 10:03:10,041 [Worker-8] INFO  o.e.m.c.i.embedder.EclipseLogger - Using 'UTF-8' encoding to copy filtered resources.
2016-09-30 10:03:10,042 [Worker-8] INFO  o.e.m.c.i.embedder.EclipseLogger - skip non existing resourceDirectory C:\Users\11402671\Documents\GitHub\entmob2016_8\Spring REST API\spring\src\test\resources
2016-09-30 10:03:10,700 [Worker-1] INFO  o.e.m.c.i.l.LifecycleMappingFactory - Using org.eclipse.m2e.jdt.JarLifecycleMapping lifecycle mapping for MavenProject: be.pxl:spring:0.0.1-SNAPSHOT @ C:\Users\11402671\Documents\GitHub\entmob2016_8\Spring REST API\spring\pom.xml.
2016-09-30 10:03:11,070 [Worker-9] INFO  o.e.m.c.i.embedder.EclipseLogger - Using 'UTF-8' encoding to copy filtered resources.
2016-09-30 10:03:11,071 [Worker-9] INFO  o.e.m.c.i.embedder.EclipseLogger - skip non existing resourceDirectory C:\Users\11402671\Documents\GitHub\entmob2016_8\Spring REST API\spring\src\main\resources
2016-09-30 10:03:11,072 [Worker-9] INFO  o.e.m.c.i.embedder.EclipseLogger - Using 'UTF-8' encoding to copy filtered resources.
2016-09-30 10:03:11,072 [Worker-9] INFO  o.e.m.c.i.embedder.EclipseLogger - skip non existing resourceDirectory C:\Users\11402671\Documents\GitHub\entmob2016_8\Spring REST API\spring\src\test\resources
2016-09-30 10:03:48,011 [main] INFO  o.e.m2e.actions.ExecutePomAction - Creating new launch configuration
2016-09-30 10:04:14,578 [Worker-2] INFO  o.e.m.i.launch.MavenLaunchDelegate - C:\Users\11402671\Documents\GitHub\entmob2016_8\Spring REST API\spring
2016-09-30 10:04:14,579 [Worker-2] INFO  o.e.m.i.launch.MavenLaunchDelegate -  mvn  -B compile
2016-09-30 10:06:04,253 [Worker-8] INFO  o.e.m.c.i.embedder.EclipseLogger - Using 'UTF-8' encoding to copy filtered resources.
2016-09-30 10:06:04,253 [Worker-8] INFO  o.e.m.c.i.embedder.EclipseLogger - skip non existing resourceDirectory C:\Users\11402671\Documents\GitHub\entmob2016_8\Spring REST API\spring\src\main\resources
2016-09-30 10:06:04,255 [Worker-8] INFO  o.e.m.c.i.embedder.EclipseLogger - Using 'UTF-8' encoding to copy filtered resources.
2016-09-30 10:06:04,256 [Worker-8] INFO  o.e.m.c.i.embedder.EclipseLogger - skip non existing resourceDirectory C:\Users\11402671\Documents\GitHub\entmob2016_8\Spring REST API\spring\src\test\resources
2016-09-30 10:06:14,785 [Worker-3] INFO  o.e.m.c.i.embedder.EclipseLogger - Using 'UTF-8' encoding to copy filtered resources.
2016-09-30 10:06:14,785 [Worker-3] INFO  o.e.m.c.i.embedder.EclipseLogger - skip non existing resourceDirectory C:\Users\11402671\Documents\GitHub\entmob2016_8\Spring REST API\spring\src\main\resources
2016-09-30 10:06:14,788 [Worker-3] INFO  o.e.m.c.i.embedder.EclipseLogger - Using 'UTF-8' encoding to copy filtered resources.
2016-09-30 10:06:14,794 [Worker-3] INFO  o.e.m.c.i.embedder.EclipseLogger - skip non existing resourceDirectory C:\Users\11402671\Documents\GitHub\entmob2016_8\Spring REST API\spring\src\test\resources
2016-09-30 10:06:24,518 [Worker-8] INFO  o.e.m.c.i.embedder.EclipseLogger - Using 'UTF-8' encoding to copy filtered resources.
2016-09-30 10:06:24,519 [Worker-8] INFO  o.e.m.c.i.embedder.EclipseLogger - skip non existing resourceDirectory C:\Users\11402671\Documents\GitHub\entmob2016_8\Spring REST API\spring\src\main\resources
2016-09-30 10:06:24,520 [Worker-8] INFO  o.e.m.c.i.embedder.EclipseLogger - Using 'UTF-8' encoding to copy filtered resources.
2016-09-30 10:06:24,520 [Worker-8] INFO  o.e.m.c.i.embedder.EclipseLogger - skip non existing resourceDirectory C:\Users\11402671\Documents\GitHub\entmob2016_8\Spring REST API\spring\src\test\resources
2016-09-30 10:06:37,395 [Worker-2] INFO  o.e.m.c.i.embedder.EclipseLogger - Using 'UTF-8' encoding to copy filtered resources.
2016-09-30 10:06:37,395 [Worker-2] INFO  o.e.m.c.i.embedder.EclipseLogger - skip non existing resourceDirectory C:\Users\11402671\Documents\GitHub\entmob2016_8\Spring REST API\spring\src\main\resources
2016-09-30 10:06:37,396 [Worker-2] INFO  o.e.m.c.i.embedder.EclipseLogger - Using 'UTF-8' encoding to copy filtered resources.
2016-09-30 10:06:37,397 [Worker-2] INFO  o.e.m.c.i.embedder.EclipseLogger - skip non existing resourceDirectory C:\Users\11402671\Documents\GitHub\entmob2016_8\Spring REST API\spring\src\test\resources
2016-09-30 10:07:02,038 [Worker-9] INFO  o.e.m.c.i.embedder.EclipseLogger - Using 'UTF-8' encoding to copy filtered resources.
2016-09-30 10:07:02,038 [Worker-9] INFO  o.e.m.c.i.embedder.EclipseLogger - skip non existing resourceDirectory C:\Users\11402671\Documents\GitHub\entmob2016_8\Spring REST API\spring\src\main\resources
2016-09-30 10:07:02,039 [Worker-9] INFO  o.e.m.c.i.embedder.EclipseLogger - Using 'UTF-8' encoding to copy filtered resources.
2016-09-30 10:07:02,040 [Worker-9] INFO  o.e.m.c.i.embedder.EclipseLogger - skip non existing resourceDirectory C:\Users\11402671\Documents\GitHub\entmob2016_8\Spring REST API\spring\src\test\resources
2016-09-30 10:08:20,908 [Worker-3] INFO  o.e.m.c.i.embedder.EclipseLogger - Using 'UTF-8' encoding to copy filtered resources.
2016-09-30 10:08:20,908 [Worker-3] INFO  o.e.m.c.i.embedder.EclipseLogger - skip non existing resourceDirectory C:\Users\11402671\Documents\GitHub\entmob2016_8\Spring REST API\spring\src\main\resources
2016-09-30 10:08:20,909 [Worker-3] INFO  o.e.m.c.i.embedder.EclipseLogger - Using 'UTF-8' encoding to copy filtered resources.
2016-09-30 10:08:20,910 [Worker-3] INFO  o.e.m.c.i.embedder.EclipseLogger - skip non existing resourceDirectory C:\Users\11402671\Documents\GitHub\entmob2016_8\Spring REST API\spring\src\test\resources
2016-09-30 10:08:36,206 [Worker-3] INFO  o.e.m.c.i.embedder.EclipseLogger - Using 'UTF-8' encoding to copy filtered resources.
2016-09-30 10:08:36,206 [Worker-3] INFO  o.e.m.c.i.embedder.EclipseLogger - skip non existing resourceDirectory C:\Users\11402671\Documents\GitHub\entmob2016_8\Spring REST API\spring\src\main\resources
2016-09-30 10:08:36,207 [Worker-3] INFO  o.e.m.c.i.embedder.EclipseLogger - Using 'UTF-8' encoding to copy filtered resources.
2016-09-30 10:08:36,207 [Worker-3] INFO  o.e.m.c.i.embedder.EclipseLogger - skip non existing resourceDirectory C:\Users\11402671\Documents\GitHub\entmob2016_8\Spring REST API\spring\src\test\resources
2016-09-30 10:09:39,968 [Worker-8] INFO  o.e.m.c.i.embedder.EclipseLogger - Using 'UTF-8' encoding to copy filtered resources.
2016-09-30 10:09:39,968 [Worker-8] INFO  o.e.m.c.i.embedder.EclipseLogger - skip non existing resourceDirectory C:\Users\11402671\Documents\GitHub\entmob2016_8\Spring REST API\spring\src\main\resources
2016-09-30 10:09:39,970 [Worker-8] INFO  o.e.m.c.i.embedder.EclipseLogger - Using 'UTF-8' encoding to copy filtered resources.
2016-09-30 10:09:39,970 [Worker-8] INFO  o.e.m.c.i.embedder.EclipseLogger - skip non existing resourceDirectory C:\Users\11402671\Documents\GitHub\entmob2016_8\Spring REST API\spring\src\test\resources
2016-09-30 10:10:19,557 [Worker-8] INFO  o.e.m.c.i.embedder.EclipseLogger - Using 'UTF-8' encoding to copy filtered resources.
2016-09-30 10:10:19,559 [Worker-8] INFO  o.e.m.c.i.embedder.EclipseLogger - skip non existing resourceDirectory C:\Users\11402671\Documents\GitHub\entmob2016_8\Spring REST API\spring\src\main\resources
2016-09-30 10:10:19,562 [Worker-8] INFO  o.e.m.c.i.embedder.EclipseLogger - Using 'UTF-8' encoding to copy filtered resources.
2016-09-30 10:10:19,563 [Worker-8] INFO  o.e.m.c.i.embedder.EclipseLogger - skip non existing resourceDirectory C:\Users\11402671\Documents\GitHub\entmob2016_8\Spring REST API\spring\src\test\resources
2016-09-30 10:12:06,851 [Worker-1] INFO  o.e.m.c.i.embedder.EclipseLogger - Using 'UTF-8' encoding to copy filtered resources.
2016-09-30 10:12:06,851 [Worker-1] INFO  o.e.m.c.i.embedder.EclipseLogger - skip non existing resourceDirectory C:\Users\11402671\Documents\GitHub\entmob2016_8\Spring REST API\spring\src\main\resources
2016-09-30 10:12:06,853 [Worker-1] INFO  o.e.m.c.i.embedder.EclipseLogger - Using 'UTF-8' encoding to copy filtered resources.
2016-09-30 10:12:06,853 [Worker-1] INFO  o.e.m.c.i.embedder.EclipseLogger - skip non existing resourceDirectory C:\Users\11402671\Documents\GitHub\entmob2016_8\Spring REST API\spring\src\test\resources
2016-09-30 10:12:13,423 [Worker-0] INFO  o.e.m.c.i.embedder.EclipseLogger - Using 'UTF-8' encoding to copy filtered resources.
2016-09-30 10:12:13,424 [Worker-0] INFO  o.e.m.c.i.embedder.EclipseLogger - skip non existing resourceDirectory C:\Users\11402671\Documents\GitHub\entmob2016_8\Spring REST API\spring\src\main\resources
2016-09-30 10:12:13,425 [Worker-0] INFO  o.e.m.c.i.embedder.EclipseLogger - Using 'UTF-8' encoding to copy filtered resources.
2016-09-30 10:12:13,425 [Worker-0] INFO  o.e.m.c.i.embedder.EclipseLogger - skip non existing resourceDirectory C:\Users\11402671\Documents\GitHub\entmob2016_8\Spring REST API\spring\src\test\resources
2016-09-30 10:12:28,321 [Worker-9] INFO  o.e.m.c.i.embedder.EclipseLogger - Using 'UTF-8' encoding to copy filtered resources.
2016-09-30 10:12:28,321 [Worker-9] INFO  o.e.m.c.i.embedder.EclipseLogger - skip non existing resourceDirectory C:\Users\11402671\Documents\GitHub\entmob2016_8\Spring REST API\spring\src\main\resources
2016-09-30 10:12:28,322 [Worker-9] INFO  o.e.m.c.i.embedder.EclipseLogger - Using 'UTF-8' encoding to copy filtered resources.
2016-09-30 10:12:28,323 [Worker-9] INFO  o.e.m.c.i.embedder.EclipseLogger - skip non existing resourceDirectory C:\Users\11402671\Documents\GitHub\entmob2016_8\Spring REST API\spring\src\test\resources
2016-09-30 10:12:34,478 [Worker-2] INFO  o.e.m.c.i.embedder.EclipseLogger - Using 'UTF-8' encoding to copy filtered resources.
2016-09-30 10:12:34,478 [Worker-2] INFO  o.e.m.c.i.embedder.EclipseLogger - skip non existing resourceDirectory C:\Users\11402671\Documents\GitHub\entmob2016_8\Spring REST API\spring\src\main\resources
2016-09-30 10:12:34,479 [Worker-2] INFO  o.e.m.c.i.embedder.EclipseLogger - Using 'UTF-8' encoding to copy filtered resources.
2016-09-30 10:12:34,480 [Worker-2] INFO  o.e.m.c.i.embedder.EclipseLogger - skip non existing resourceDirectory C:\Users\11402671\Documents\GitHub\entmob2016_8\Spring REST API\spring\src\test\resources
2016-09-30 10:13:17,196 [Worker-5] INFO  o.e.m.c.i.embedder.EclipseLogger - Using 'UTF-8' encoding to copy filtered resources.
2016-09-30 10:13:17,197 [Worker-5] INFO  o.e.m.c.i.embedder.EclipseLogger - skip non existing resourceDirectory C:\Users\11402671\Documents\GitHub\entmob2016_8\Spring REST API\spring\src\main\resources
2016-09-30 10:13:17,199 [Worker-5] INFO  o.e.m.c.i.embedder.EclipseLogger - Using 'UTF-8' encoding to copy filtered resources.
2016-09-30 10:13:17,199 [Worker-5] INFO  o.e.m.c.i.embedder.EclipseLogger - skip non existing resourceDirectory C:\Users\11402671\Documents\GitHub\entmob2016_8\Spring REST API\spring\src\test\resources
